[2023-03-27 09:29:31,777]-[1]-[INFO]-[YYF100.Program+StartService]-[Start] -> Starting log.Info....
[2023-03-27 09:29:31,786]-[1]-[ERROR]-[YYF100.Program+StartService]-[Start] -> Starting log.Error....
[2023-03-27 09:29:35,052]-[1]-[ERROR]-[YYF100.FrmMain]-[WriteLog] -> 敦뗍포댔역呵겨：
[2023-03-27 09:30:32,861]-[1]-[INFO]-[YYF100.Program+StartService]-[Stop] -> Stopping log.Info....
[2023-03-27 09:30:32,861]-[1]-[ERROR]-[YYF100.Program+StartService]-[Stop] -> Stopping log.Error....
[2023-03-27 09:30:40,344]-[1]-[INFO]-[YYF100.Program+StartService]-[Start] -> Starting log.Info....
[2023-03-27 09:30:40,353]-[1]-[ERROR]-[YYF100.Program+StartService]-[Start] -> Starting log.Error....
[2023-03-27 09:30:43,501]-[1]-[ERROR]-[YYF100.FrmMain]-[WriteLog] -> 敦뗍포댔역呵겨：
[2023-03-27 09:32:32,340]-[1]-[INFO]-[YYF100.Program+StartService]-[Start] -> Starting log.Info....
[2023-03-27 09:32:32,349]-[1]-[ERROR]-[YYF100.Program+StartService]-[Start] -> Starting log.Error....
[2023-03-27 09:32:35,864]-[1]-[ERROR]-[YYF100.FrmMain]-[WriteLog] -> 敦뗍포댔역呵겨：
[2023-03-27 09:33:11,875]-[1]-[INFO]-[YYF100.Program+StartService]-[Start] -> Starting log.Info....
[2023-03-27 09:33:11,883]-[1]-[ERROR]-[YYF100.Program+StartService]-[Start] -> Starting log.Error....
[2023-03-27 09:33:15,184]-[1]-[ERROR]-[YYF100.FrmMain]-[WriteLog] -> 敦뗍포댔역呵겨：
[2023-03-27 09:34:30,644]-[1]-[INFO]-[YYF100.Program+StartService]-[Start] -> Starting log.Info....
[2023-03-27 09:34:30,653]-[1]-[ERROR]-[YYF100.Program+StartService]-[Start] -> Starting log.Error....
[2023-03-27 09:34:33,963]-[1]-[ERROR]-[YYF100.FrmMain]-[WriteLog] -> 敦뗍포댔역呵겨：
[2023-03-27 09:47:59,942]-[1]-[INFO]-[YYF100.Program+StartService]-[Start] -> Starting log.Info....
[2023-03-27 09:47:59,954]-[1]-[ERROR]-[YYF100.Program+StartService]-[Start] -> Starting log.Error....
[2023-03-27 09:48:03,156]-[1]-[ERROR]-[YYF100.FrmMain]-[WriteLog] -> 敦뗍포댔역呵겨：
[2023-03-27 09:49:13,678]-[1]-[ERROR]-[YYF100.FrmMain]-[WriteLog] -> 敦뗍포댔역呵겨：
[2023-03-27 09:52:06,096]-[1]-[INFO]-[YYF100.Program+StartService]-[Start] -> Starting log.Info....
[2023-03-27 09:52:06,107]-[1]-[ERROR]-[YYF100.Program+StartService]-[Start] -> Starting log.Error....
[2023-03-27 09:59:29,519]-[1]-[INFO]-[YYF100.Program+StartService]-[Start] -> Starting log.Info....
[2023-03-27 09:59:29,529]-[1]-[ERROR]-[YYF100.Program+StartService]-[Start] -> Starting log.Error....
[2023-03-27 10:04:13,714]-[1]-[INFO]-[YYF100.Program+StartService]-[Start] -> Starting log.Info....
[2023-03-27 10:04:13,723]-[1]-[ERROR]-[YYF100.Program+StartService]-[Start] -> Starting log.Error....
[2023-03-27 10:04:21,220]-[1]-[ERROR]-[YYF100.FrmMain]-[WriteLog] -> 敦뗍포댔역呵겨：
[2023-03-27 10:18:40,652]-[1]-[INFO]-[YYF100.Program+StartService]-[Start] -> Starting log.Info....
[2023-03-27 10:18:40,662]-[1]-[ERROR]-[YYF100.Program+StartService]-[Start] -> Starting log.Error....
[2023-03-27 10:19:45,608]-[1]-[ERROR]-[YYF100.FrmMain]-[WriteLog] -> 敦뗍포댔역呵겨：
[2023-03-27 10:19:51,002]-[1]-[INFO]-[YYF100.Program+StartService]-[Stop] -> Stopping log.Info....
[2023-03-27 10:19:51,002]-[1]-[ERROR]-[YYF100.Program+StartService]-[Stop] -> Stopping log.Error....
[2023-03-27 10:28:23,015]-[1]-[INFO]-[YYF100.Program+StartService]-[Start] -> Starting log.Info....
[2023-03-27 10:28:23,025]-[1]-[ERROR]-[YYF100.Program+StartService]-[Start] -> Starting log.Error....
[2023-03-27 10:28:27,350]-[1]-[ERROR]-[YYF100.FrmMain]-[WriteLog] -> 敦뗍포댔역呵겨：
[2023-03-27 10:29:44,736]-[1]-[INFO]-[YYF100.Program+StartService]-[Start] -> Starting log.Info....
[2023-03-27 10:29:44,748]-[1]-[ERROR]-[YYF100.Program+StartService]-[Start] -> Starting log.Error....
[2023-03-27 10:29:48,103]-[1]-[ERROR]-[YYF100.FrmMain]-[WriteLog] -> 敦뗍포댔역呵겨：
[2023-03-27 10:29:53,330]-[1]-[INFO]-[YYF100.Program+StartService]-[Stop] -> Stopping log.Info....
[2023-03-27 10:29:53,330]-[1]-[ERROR]-[YYF100.Program+StartService]-[Stop] -> Stopping log.Error....
