[2023-06-08 10:24:41,948]-[1]-[INFO]-[YYF100.Program+StartService]-[Start] -> Starting log.Info....
[2023-06-08 10:24:41,956]-[1]-[ERROR]-[YYF100.Program+StartService]-[Start] -> Starting log.Error....
[2023-06-08 10:24:44,961]-[1]-[INFO]-[YYF100.FrmMain]-[WriteLog] -> 阅读器打开成功，串口号：COM3
[2023-06-08 10:24:45,062]-[1]-[INFO]-[YYF100.FrmMain]-[WriteLog] -> 获取设备参数
[2023-06-08 10:24:45,079]-[1]-[INFO]-[YYF100.FrmMain]-[WriteLog] -> 读取参数成功
[2023-06-08 10:24:58,561]-[1]-[INFO]-[YYF100.Program+StartService]-[Stop] -> Stopping log.Info....
[2023-06-08 10:24:58,561]-[1]-[ERROR]-[YYF100.Program+StartService]-[Stop] -> Stopping log.Error....
[2023-06-08 10:46:39,735]-[1]-[INFO]-[YYF100.Program+StartService]-[Start] -> Starting log.Info....
[2023-06-08 10:46:39,745]-[1]-[ERROR]-[YYF100.Program+StartService]-[Start] -> Starting log.Error....
[2023-06-08 10:46:42,732]-[1]-[INFO]-[YYF100.FrmMain]-[WriteLog] -> 阅读器打开成功，串口号：COM3
[2023-06-08 10:46:42,853]-[1]-[INFO]-[YYF100.FrmMain]-[WriteLog] -> 获取设备参数
[2023-06-08 10:46:42,870]-[1]-[INFO]-[YYF100.FrmMain]-[WriteLog] -> 读取参数成功
[2023-06-08 10:47:45,928]-[1]-[INFO]-[YYF100.Program+StartService]-[Stop] -> Stopping log.Info....
[2023-06-08 10:47:45,928]-[1]-[ERROR]-[YYF100.Program+StartService]-[Stop] -> Stopping log.Error....
[2023-06-08 10:51:34,592]-[1]-[INFO]-[YYF100.Program+StartService]-[Start] -> Starting log.Info....
[2023-06-08 10:51:34,614]-[1]-[ERROR]-[YYF100.Program+StartService]-[Start] -> Starting log.Error....
[2023-06-08 10:51:43,033]-[1]-[INFO]-[YYF100.FrmMain]-[WriteLog] -> 阅读器打开成功，串口号：COM3
[2023-06-08 10:51:43,139]-[1]-[INFO]-[YYF100.FrmMain]-[WriteLog] -> 获取设备参数
[2023-06-08 10:51:43,162]-[1]-[INFO]-[YYF100.FrmMain]-[WriteLog] -> 读取参数成功
[2023-06-08 10:52:07,009]-[1]-[INFO]-[YYF100.Program+StartService]-[Start] -> Starting log.Info....
[2023-06-08 10:52:07,019]-[1]-[ERROR]-[YYF100.Program+StartService]-[Start] -> Starting log.Error....
[2023-06-08 10:52:10,091]-[1]-[INFO]-[YYF100.FrmMain]-[WriteLog] -> 阅读器打开成功，串口号：COM3
[2023-06-08 10:52:10,200]-[1]-[INFO]-[YYF100.FrmMain]-[WriteLog] -> 获取设备参数
[2023-06-08 10:52:10,217]-[1]-[INFO]-[YYF100.FrmMain]-[WriteLog] -> 读取参数成功
[2023-06-08 10:52:21,450]-[1]-[INFO]-[YYF100.Program+StartService]-[Stop] -> Stopping log.Info....
[2023-06-08 10:52:21,450]-[1]-[ERROR]-[YYF100.Program+StartService]-[Stop] -> Stopping log.Error....
[2023-06-08 10:52:52,625]-[1]-[INFO]-[YYF100.Program+StartService]-[Start] -> Starting log.Info....
[2023-06-08 10:52:52,634]-[1]-[ERROR]-[YYF100.Program+StartService]-[Start] -> Starting log.Error....
[2023-06-08 10:52:55,431]-[1]-[INFO]-[YYF100.FrmMain]-[WriteLog] -> 阅读器打开成功，串口号：COM3
[2023-06-08 10:52:55,537]-[1]-[INFO]-[YYF100.FrmMain]-[WriteLog] -> 获取设备参数
[2023-06-08 10:52:55,555]-[1]-[INFO]-[YYF100.FrmMain]-[WriteLog] -> 读取参数成功
[2023-06-08 10:53:14,809]-[1]-[INFO]-[YYF100.Program+StartService]-[Stop] -> Stopping log.Info....
[2023-06-08 10:53:14,810]-[1]-[ERROR]-[YYF100.Program+StartService]-[Stop] -> Stopping log.Error....
[2023-06-08 10:53:17,786]-[1]-[INFO]-[YYF100.Program+StartService]-[Start] -> Starting log.Info....
[2023-06-08 10:53:17,795]-[1]-[ERROR]-[YYF100.Program+StartService]-[Start] -> Starting log.Error....
[2023-06-08 10:53:23,051]-[1]-[INFO]-[YYF100.FrmMain]-[WriteLog] -> The reader is opened successfully, the serial port number：COM3
[2023-06-08 10:53:23,154]-[1]-[INFO]-[YYF100.FrmMain]-[WriteLog] -> Get device parameters
[2023-06-08 10:53:23,172]-[1]-[INFO]-[YYF100.FrmMain]-[WriteLog] -> Read parameters successfully
[2023-06-08 10:53:39,975]-[1]-[INFO]-[YYF100.Program+StartService]-[Stop] -> Stopping log.Info....
[2023-06-08 10:53:39,975]-[1]-[ERROR]-[YYF100.Program+StartService]-[Stop] -> Stopping log.Error....
[2023-06-08 10:53:59,897]-[1]-[INFO]-[YYF100.Program+StartService]-[Start] -> Starting log.Info....
[2023-06-08 10:53:59,907]-[1]-[ERROR]-[YYF100.Program+StartService]-[Start] -> Starting log.Error....
[2023-06-08 10:54:05,087]-[1]-[INFO]-[YYF100.Program+StartService]-[Stop] -> Stopping log.Info....
[2023-06-08 10:54:05,088]-[1]-[ERROR]-[YYF100.Program+StartService]-[Stop] -> Stopping log.Error....
[2023-06-08 10:54:25,353]-[1]-[INFO]-[YYF100.Program+StartService]-[Start] -> Starting log.Info....
[2023-06-08 10:54:25,362]-[1]-[ERROR]-[YYF100.Program+StartService]-[Start] -> Starting log.Error....
[2023-06-08 10:54:28,185]-[1]-[INFO]-[YYF100.FrmMain]-[WriteLog] -> The reader is opened successfully, the serial port number：COM3
[2023-06-08 10:54:28,289]-[1]-[INFO]-[YYF100.FrmMain]-[WriteLog] -> Get device parameters
[2023-06-08 10:54:28,306]-[1]-[INFO]-[YYF100.FrmMain]-[WriteLog] -> Read parameters successfully
[2023-06-08 10:54:42,835]-[1]-[INFO]-[YYF100.Program+StartService]-[Stop] -> Stopping log.Info....
[2023-06-08 10:54:42,835]-[1]-[ERROR]-[YYF100.Program+StartService]-[Stop] -> Stopping log.Error....
