[2023-05-05 20:19:29,257]-[1]-[INFO]-[YYF100.Program+StartService]-[Start] -> Starting log.Info....
[2023-05-05 20:19:29,268]-[1]-[ERROR]-[YYF100.Program+StartService]-[Start] -> Starting log.Error....
[2023-05-05 20:19:32,343]-[1]-[ERROR]-[YYF100.FrmMain]-[WriteLog] -> 阅读器打开失败：
[2023-05-05 20:20:14,770]-[1]-[INFO]-[YYF100.Program+StartService]-[Start] -> Starting log.Info....
[2023-05-05 20:20:14,779]-[1]-[ERROR]-[YYF100.Program+StartService]-[Start] -> Starting log.Error....
[2023-05-05 20:20:17,660]-[1]-[ERROR]-[YYF100.FrmMain]-[WriteLog] -> 阅读器打开失败：
[2023-05-05 20:21:03,319]-[1]-[ERROR]-[YYF100.FrmMain]-[WriteLog] -> 阅读器打开失败：
[2023-05-05 20:21:18,425]-[1]-[INFO]-[YYF100.Program+StartService]-[Stop] -> Stopping log.Info....
[2023-05-05 20:21:18,426]-[1]-[ERROR]-[YYF100.Program+StartService]-[Stop] -> Stopping log.Error....
[2023-05-05 20:21:48,877]-[1]-[INFO]-[YYF100.Program+StartService]-[Start] -> Starting log.Info....
[2023-05-05 20:21:48,886]-[1]-[ERROR]-[YYF100.Program+StartService]-[Start] -> Starting log.Error....
[2023-05-05 20:21:52,001]-[1]-[ERROR]-[YYF100.FrmMain]-[WriteLog] -> 阅读器打开失败：
[2023-05-05 20:21:55,838]-[1]-[INFO]-[YYF100.Program+StartService]-[Stop] -> Stopping log.Info....
[2023-05-05 20:21:55,838]-[1]-[ERROR]-[YYF100.Program+StartService]-[Stop] -> Stopping log.Error....
[2023-05-05 20:22:24,596]-[1]-[INFO]-[YYF100.Program+StartService]-[Start] -> Starting log.Info....
[2023-05-05 20:22:24,604]-[1]-[ERROR]-[YYF100.Program+StartService]-[Start] -> Starting log.Error....
[2023-05-05 20:22:27,531]-[1]-[ERROR]-[YYF100.FrmMain]-[WriteLog] -> 阅读器打开失败：
[2023-05-05 20:22:32,702]-[1]-[INFO]-[YYF100.Program+StartService]-[Stop] -> Stopping log.Info....
[2023-05-05 20:22:32,703]-[1]-[ERROR]-[YYF100.Program+StartService]-[Stop] -> Stopping log.Error....
[2023-05-05 20:22:54,008]-[1]-[INFO]-[YYF100.Program+StartService]-[Start] -> Starting log.Info....
[2023-05-05 20:22:54,018]-[1]-[ERROR]-[YYF100.Program+StartService]-[Start] -> Starting log.Error....
[2023-05-05 20:22:56,997]-[1]-[INFO]-[YYF100.FrmMain]-[WriteLog] -> 阅读器打开成功，串口号：COM3
[2023-05-05 20:22:57,108]-[1]-[INFO]-[YYF100.FrmMain]-[WriteLog] -> 获取设备参数
[2023-05-05 20:22:57,141]-[1]-[INFO]-[YYF100.FrmMain]-[WriteLog] -> 读取参数成功
[2023-05-05 20:23:00,490]-[1]-[INFO]-[YYF100.FrmMain]-[WriteLog] -> 开始获取阅读器本地高级参数
[2023-05-05 20:23:00,493]-[1]-[INFO]-[YYF100.FrmMain]-[WriteLog] -> 获取阅读器本地高级参数成功
[2023-05-05 20:23:08,959]-[1]-[INFO]-[YYF100.FrmMain]-[WriteLog] -> 阅读器本地高级参数设置成功
[2023-05-05 20:23:27,850]-[1]-[INFO]-[YYF100.FrmMain]-[WriteLog] -> 阅读器本地高级参数设置成功
